{"sessionId":"dddf96","runId":"run-2","hypothesisId":"H3","location":"BoidGameManager2D.cs:66","message":"StartGame spawning boids","data":{"startingBoidCount":"70","spawnCount":"70"},"timestamp":1774101549438}
{"sessionId":"dddf96","runId":"run-2","hypothesisId":"H1","location":"BoidGameManager2D.cs:143","message":"SpawnBoid primitive collider state","data":{"has3dColliderBeforeDestroy":"True","colliderType":"MeshCollider"},"timestamp":1774101549447}
{"sessionId":"dddf96","runId":"run-2","hypothesisId":"H1","location":"BoidGameManager2D.cs:154","message":"Post-destroy collider check","data":{"has3dColliderAfterDestroyCall":"False"},"timestamp":1774101549453}
{"sessionId":"dddf96","runId":"run-2","hypothesisId":"H1","location":"BoidGameManager2D.cs:165","message":"Added BoxCollider2D","data":{"boxColliderAdded":"True"},"timestamp":1774101549458}
{"sessionId":"dddf96","runId":"run-2","hypothesisId":"H2","location":"BoidGameManager2D.cs:193","message":"BoidAgent2D add result","data":{"boidComponentNull":"False","hasRigidbody2D":"True","hasCollider2D":"True"},"timestamp":1774101553681}
{"sessionId":"dddf96","runId":"run-2","hypothesisId":"H1","location":"BoidGameManager2D.cs:143","message":"SpawnBoid primitive collider state","data":{"has3dColliderBeforeDestroy":"True","colliderType":"MeshCollider"},"timestamp":1774101553690}
{"sessionId":"dddf96","runId":"run-2","hypothesisId":"H1","location":"BoidGameManager2D.cs:154","message":"Post-destroy collider check","data":{"has3dColliderAfterDestroyCall":"False"},"timestamp":1774101553695}
{"sessionId":"dddf96","runId":"run-2","hypothesisId":"H1","location":"BoidGameManager2D.cs:165","message":"Added BoxCollider2D","data":{"boxColliderAdded":"True"},"timestamp":1774101553702}
{"sessionId":"dddf96","runId":"run-2","hypothesisId":"H2","location":"BoidGameManager2D.cs:193","message":"BoidAgent2D add result","data":{"boidComponentNull":"False","hasRigidbody2D":"True","hasCollider2D":"True"},"timestamp":1774101553707}
{"sessionId":"dddf96","runId":"run-2","hypothesisId":"H1","location":"BoidGameManager2D.cs:143","message":"SpawnBoid primitive collider state","data":{"has3dColliderBeforeDestroy":"True","colliderType":"MeshCollider"},"timestamp":1774101553711}
{"sessionId":"dddf96","runId":"run-2","hypothesisId":"H1","location":"BoidGameManager2D.cs:154","message":"Post-destroy collider check","data":{"has3dColliderAfterDestroyCall":"False"},"timestamp":1774101553716}
{"sessionId":"dddf96","runId":"run-2","hypothesisId":"H1","location":"BoidGameManager2D.cs:165","message":"Added BoxCollider2D","data":{"boxColliderAdded":"True"},"timestamp":1774101553720}
{"sessionId":"dddf96","runId":"run-2","hypothesisId":"H2","location":"BoidGameManager2D.cs:193","message":"BoidAgent2D add result","data":{"boidComponentNull":"False","hasRigidbody2D":"True","hasCollider2D":"True"},"timestamp":1774101553726}
{"sessionId":"dddf96","runId":"run-2","hypothesisId":"H1","location":"BoidGameManager2D.cs:143","message":"SpawnBoid primitive collider state","data":{"has3dColliderBeforeDestroy":"True","colliderType":"MeshCollider"},"timestamp":1774101553732}
{"sessionId":"dddf96","runId":"run-2","hypothesisId":"H1","location":"BoidGameManager2D.cs:154","message":"Post-destroy collider check","data":{"has3dColliderAfterDestroyCall":"False"},"timestamp":1774101553737}
{"sessionId":"dddf96","runId":"run-2","hypothesisId":"H1","location":"BoidGameManager2D.cs:165","message":"Added BoxCollider2D","data":{"boxColliderAdded":"True"},"timestamp":1774101553742}
{"sessionId":"dddf96","runId":"run-2","hypothesisId":"H2","location":"BoidGameManager2D.cs:193","message":"BoidAgent2D add result","data":{"boidComponentNull":"False","hasRigidbody2D":"True","hasCollider2D":"True"},"timestamp":1774101553749}
{"sessionId":"dddf96","runId":"run-2","hypothesisId":"H1","location":"BoidGameManager2D.cs:143","message":"SpawnBoid primitive collider state","data":{"has3dColliderBeforeDestroy":"True","colliderType":"MeshCollider"},"timestamp":1774101553754}
{"sessionId":"dddf96","runId":"run-2","hypothesisId":"H1","location":"BoidGameManager2D.cs:154","message":"Post-destroy collider check","data":{"has3dColliderAfterDestroyCall":"False"},"timestamp":1774101553761}
{"sessionId":"dddf96","runId":"run-2","hypothesisId":"H1","location":"BoidGameManager2D.cs:165","message":"Added BoxCollider2D","data":{"boxColliderAdded":"True"},"timestamp":1774101553770}
{"sessionId":"dddf96","runId":"run-2","hypothesisId":"H2","location":"BoidGameManager2D.cs:193","message":"BoidAgent2D add result","data":{"boidComponentNull":"False","hasRigidbody2D":"True","hasCollider2D":"True"},"timestamp":1774101553776}
{"sessionId":"dddf96","runId":"run-2","hypothesisId":"H1","location":"BoidGameManager2D.cs:143","message":"SpawnBoid primitive collider state","data":{"has3dColliderBeforeDestroy":"True","colliderType":"MeshCollider"},"timestamp":1774101553783}
{"sessionId":"dddf96","runId":"run-2","hypothesisId":"H1","location":"BoidGameManager2D.cs:154","message":"Post-destroy collider check","data":{"has3dColliderAfterDestroyCall":"False"},"timestamp":1774101553789}
{"sessionId":"dddf96","runId":"run-2","hypothesisId":"H1","location":"BoidGameManager2D.cs:165","message":"Added BoxCollider2D","data":{"boxColliderAdded":"True"},"timestamp":1774101553794}
{"sessionId":"dddf96","runId":"run-2","hypothesisId":"H2","location":"BoidGameManager2D.cs:193","message":"BoidAgent2D add result","data":{"boidComponentNull":"False","hasRigidbody2D":"True","hasCollider2D":"True"},"timestamp":1774101553814}
{"sessionId":"dddf96","runId":"run-2","hypothesisId":"H1","location":"BoidGameManager2D.cs:143","message":"SpawnBoid primitive collider state","data":{"has3dColliderBeforeDestroy":"True","colliderType":"MeshCollider"},"timestamp":1774101553841}
{"sessionId":"dddf96","runId":"run-2","hypothesisId":"H1","location":"BoidGameManager2D.cs:154","message":"Post-destroy collider check","data":{"has3dColliderAfterDestroyCall":"False"},"timestamp":1774101553848}
{"sessionId":"dddf96","runId":"run-2","hypothesisId":"H1","location":"BoidGameManager2D.cs:165","message":"Added BoxCollider2D","data":{"boxColliderAdded":"True"},"timestamp":1774101553853}
{"sessionId":"dddf96","runId":"run-2","hypothesisId":"H2","location":"BoidGameManager2D.cs:193","message":"BoidAgent2D add result","data":{"boidComponentNull":"False","hasRigidbody2D":"True","hasCollider2D":"True"},"timestamp":1774101553858}
{"sessionId":"dddf96","runId":"run-2","hypothesisId":"H1","location":"BoidGameManager2D.cs:143","message":"SpawnBoid primitive collider state","data":{"has3dColliderBeforeDestroy":"True","colliderType":"MeshCollider"},"timestamp":1774101553864}
{"sessionId":"dddf96","runId":"run-2","hypothesisId":"H1","location":"BoidGameManager2D.cs:154","message":"Post-destroy collider check","data":{"has3dColliderAfterDestroyCall":"False"},"timestamp":1774101553869}
{"sessionId":"dddf96","runId":"run-2","hypothesisId":"H1","location":"BoidGameManager2D.cs:165","message":"Added BoxCollider2D","data":{"boxColliderAdded":"True"},"timestamp":1774101553874}
{"sessionId":"dddf96","runId":"run-2","hypothesisId":"H2","location":"BoidGameManager2D.cs:193","message":"BoidAgent2D add result","data":{"boidComponentNull":"False","hasRigidbody2D":"True","hasCollider2D":"True"},"timestamp":1774101553880}
{"sessionId":"dddf96","runId":"run-2","hypothesisId":"H1","location":"BoidGameManager2D.cs:143","message":"SpawnBoid primitive collider state","data":{"has3dColliderBeforeDestroy":"True","colliderType":"MeshCollider"},"timestamp":1774101553885}
{"sessionId":"dddf96","runId":"run-2","hypothesisId":"H1","location":"BoidGameManager2D.cs:154","message":"Post-destroy collider check","data":{"has3dColliderAfterDestroyCall":"False"},"timestamp":1774101553890}
{"sessionId":"dddf96","runId":"run-2","hypothesisId":"H1","location":"BoidGameManager2D.cs:165","message":"Added BoxCollider2D","data":{"boxColliderAdded":"True"},"timestamp":1774101553896}
{"sessionId":"dddf96","runId":"run-2","hypothesisId":"H2","location":"BoidGameManager2D.cs:193","message":"BoidAgent2D add result","data":{"boidComponentNull":"False","hasRigidbody2D":"True","hasCollider2D":"True"},"timestamp":1774101553902}
{"sessionId":"dddf96","runId":"run-2","hypothesisId":"H1","location":"BoidGameManager2D.cs:143","message":"SpawnBoid primitive collider state","data":{"has3dColliderBeforeDestroy":"True","colliderType":"MeshCollider"},"timestamp":1774101553909}
{"sessionId":"dddf96","runId":"run-2","hypothesisId":"H1","location":"BoidGameManager2D.cs:154","message":"Post-destroy collider check","data":{"has3dColliderAfterDestroyCall":"False"},"timestamp":1774101553915}
{"sessionId":"dddf96","runId":"run-2","hypothesisId":"H1","location":"BoidGameManager2D.cs:165","message":"Added BoxCollider2D","data":{"boxColliderAdded":"True"},"timestamp":1774101553922}
{"sessionId":"dddf96","runId":"run-2","hypothesisId":"H2","location":"BoidGameManager2D.cs:193","message":"BoidAgent2D add result","data":{"boidComponentNull":"False","hasRigidbody2D":"True","hasCollider2D":"True"},"timestamp":1774101553934}
{"sessionId":"dddf96","runId":"run-2","hypothesisId":"H1","location":"BoidGameManager2D.cs:143","message":"SpawnBoid primitive collider state","data":{"has3dColliderBeforeDestroy":"True","colliderType":"MeshCollider"},"timestamp":1774101553940}
{"sessionId":"dddf96","runId":"run-2","hypothesisId":"H1","location":"BoidGameManager2D.cs:154","message":"Post-destroy collider check","data":{"has3dColliderAfterDestroyCall":"False"},"timestamp":1774101553945}
{"sessionId":"dddf96","runId":"run-2","hypothesisId":"H1","location":"BoidGameManager2D.cs:165","message":"Added BoxCollider2D","data":{"boxColliderAdded":"True"},"timestamp":1774101553951}
{"sessionId":"dddf96","runId":"run-2","hypothesisId":"H2","location":"BoidGameManager2D.cs:193","message":"BoidAgent2D add result","data":{"boidComponentNull":"False","hasRigidbody2D":"True","hasCollider2D":"True"},"timestamp":1774101553957}
{"sessionId":"dddf96","runId":"run-2","hypothesisId":"H1","location":"BoidGameManager2D.cs:143","message":"SpawnBoid primitive collider state","data":{"has3dColliderBeforeDestroy":"True","colliderType":"MeshCollider"},"timestamp":1774101553961}
{"sessionId":"dddf96","runId":"run-2","hypothesisId":"H1","location":"BoidGameManager2D.cs:154","message":"Post-destroy collider check","data":{"has3dColliderAfterDestroyCall":"False"},"timestamp":1774101553968}
{"sessionId":"dddf96","runId":"run-2","hypothesisId":"H1","location":"BoidGameManager2D.cs:165","message":"Added BoxCollider2D","data":{"boxColliderAdded":"True"},"timestamp":1774101553973}
{"sessionId":"dddf96","runId":"run-2","hypothesisId":"H2","location":"BoidGameManager2D.cs:193","message":"BoidAgent2D add result","data":{"boidComponentNull":"False","hasRigidbody2D":"True","hasCollider2D":"True"},"timestamp":1774101553977}
{"sessionId":"dddf96","runId":"run-2","hypothesisId":"H1","location":"BoidGameManager2D.cs:143","message":"SpawnBoid primitive collider state","data":{"has3dColliderBeforeDestroy":"True","colliderType":"MeshCollider"},"timestamp":1774101553983}
{"sessionId":"dddf96","runId":"run-2","hypothesisId":"H1","location":"BoidGameManager2D.cs:154","message":"Post-destroy collider check","data":{"has3dColliderAfterDestroyCall":"False"},"timestamp":1774101553988}
{"sessionId":"dddf96","runId":"run-2","hypothesisId":"H1","location":"BoidGameManager2D.cs:165","message":"Added BoxCollider2D","data":{"boxColliderAdded":"True"},"timestamp":1774101553993}
{"sessionId":"dddf96","runId":"run-2","hypothesisId":"H2","location":"BoidGameManager2D.cs:193","message":"BoidAgent2D add result","data":{"boidComponentNull":"False","hasRigidbody2D":"True","hasCollider2D":"True"},"timestamp":1774101553998}
{"sessionId":"dddf96","runId":"run-2","hypothesisId":"H1","location":"BoidGameManager2D.cs:143","message":"SpawnBoid primitive collider state","data":{"has3dColliderBeforeDestroy":"True","colliderType":"MeshCollider"},"timestamp":1774101554005}
{"sessionId":"dddf96","runId":"run-2","hypothesisId":"H1","location":"BoidGameManager2D.cs:154","message":"Post-destroy collider check","data":{"has3dColliderAfterDestroyCall":"False"},"timestamp":1774101554010}
{"sessionId":"dddf96","runId":"run-2","hypothesisId":"H1","location":"BoidGameManager2D.cs:165","message":"Added BoxCollider2D","data":{"boxColliderAdded":"True"},"timestamp":1774101554016}
{"sessionId":"dddf96","runId":"run-2","hypothesisId":"H2","location":"BoidGameManager2D.cs:193","message":"BoidAgent2D add result","data":{"boidComponentNull":"False","hasRigidbody2D":"True","hasCollider2D":"True"},"timestamp":1774101554022}
{"sessionId":"dddf96","runId":"run-2","hypothesisId":"H1","location":"BoidGameManager2D.cs:143","message":"SpawnBoid primitive collider state","data":{"has3dColliderBeforeDestroy":"True","colliderType":"MeshCollider"},"timestamp":1774101554029}
{"sessionId":"dddf96","runId":"run-2","hypothesisId":"H1","location":"BoidGameManager2D.cs:154","message":"Post-destroy collider check","data":{"has3dColliderAfterDestroyCall":"False"},"timestamp":1774101554034}
{"sessionId":"dddf96","runId":"run-2","hypothesisId":"H1","location":"BoidGameManager2D.cs:165","message":"Added BoxCollider2D","data":{"boxColliderAdded":"True"},"timestamp":1774101554039}
{"sessionId":"dddf96","runId":"run-2","hypothesisId":"H2","location":"BoidGameManager2D.cs:193","message":"BoidAgent2D add result","data":{"boidComponentNull":"False","hasRigidbody2D":"True","hasCollider2D":"True"},"timestamp":1774101554045}
{"sessionId":"dddf96","runId":"run-2","hypothesisId":"H1","location":"BoidGameManager2D.cs:143","message":"SpawnBoid primitive collider state","data":{"has3dColliderBeforeDestroy":"True","colliderType":"MeshCollider"},"timestamp":1774101554050}
{"sessionId":"dddf96","runId":"run-2","hypothesisId":"H1","location":"BoidGameManager2D.cs:154","message":"Post-destroy collider check","data":{"has3dColliderAfterDestroyCall":"False"},"timestamp":1774101554055}
{"sessionId":"dddf96","runId":"run-2","hypothesisId":"H1","location":"BoidGameManager2D.cs:165","message":"Added BoxCollider2D","data":{"boxColliderAdded":"True"},"timestamp":1774101554060}
{"sessionId":"dddf96","runId":"run-2","hypothesisId":"H2","location":"BoidGameManager2D.cs:193","message":"BoidAgent2D add result","data":{"boidComponentNull":"False","hasRigidbody2D":"True","hasCollider2D":"True"},"timestamp":1774101554067}
{"sessionId":"dddf96","runId":"run-2","hypothesisId":"H1","location":"BoidGameManager2D.cs:143","message":"SpawnBoid primitive collider state","data":{"has3dColliderBeforeDestroy":"True","colliderType":"MeshCollider"},"timestamp":1774101554073}
{"sessionId":"dddf96","runId":"run-2","hypothesisId":"H1","location":"BoidGameManager2D.cs:154","message":"Post-destroy collider check","data":{"has3dColliderAfterDestroyCall":"False"},"timestamp":1774101554078}
{"sessionId":"dddf96","runId":"run-2","hypothesisId":"H1","location":"BoidGameManager2D.cs:165","message":"Added BoxCollider2D","data":{"boxColliderAdded":"True"},"timestamp":1774101554084}
{"sessionId":"dddf96","runId":"run-2","hypothesisId":"H2","location":"BoidGameManager2D.cs:193","message":"BoidAgent2D add result","data":{"boidComponentNull":"False","hasRigidbody2D":"True","hasCollider2D":"True"},"timestamp":1774101554089}
{"sessionId":"dddf96","runId":"run-2","hypothesisId":"H1","location":"BoidGameManager2D.cs:143","message":"SpawnBoid primitive collider state","data":{"has3dColliderBeforeDestroy":"True","colliderType":"MeshCollider"},"timestamp":1774101554096}
{"sessionId":"dddf96","runId":"run-2","hypothesisId":"H1","location":"BoidGameManager2D.cs:154","message":"Post-destroy collider check","data":{"has3dColliderAfterDestroyCall":"False"},"timestamp":1774101554101}
{"sessionId":"dddf96","runId":"run-2","hypothesisId":"H1","location":"BoidGameManager2D.cs:165","message":"Added BoxCollider2D","data":{"boxColliderAdded":"True"},"timestamp":1774101554105}
{"sessionId":"dddf96","runId":"run-2","hypothesisId":"H2","location":"BoidGameManager2D.cs:193","message":"BoidAgent2D add result","data":{"boidComponentNull":"False","hasRigidbody2D":"True","hasCollider2D":"True"},"timestamp":1774101554112}
{"sessionId":"dddf96","runId":"run-2","hypothesisId":"H1","location":"BoidGameManager2D.cs:143","message":"SpawnBoid primitive collider state","data":{"has3dColliderBeforeDestroy":"True","colliderType":"MeshCollider"},"timestamp":1774101554116}
{"sessionId":"dddf96","runId":"run-2","hypothesisId":"H1","location":"BoidGameManager2D.cs:154","message":"Post-destroy collider check","data":{"has3dColliderAfterDestroyCall":"False"},"timestamp":1774101554123}
{"sessionId":"dddf96","runId":"run-2","hypothesisId":"H1","location":"BoidGameManager2D.cs:165","message":"Added BoxCollider2D","data":{"boxColliderAdded":"True"},"timestamp":1774101554128}
{"sessionId":"dddf96","runId":"run-2","hypothesisId":"H2","location":"BoidGameManager2D.cs:193","message":"BoidAgent2D add result","data":{"boidComponentNull":"False","hasRigidbody2D":"True","hasCollider2D":"True"},"timestamp":1774101554133}
{"sessionId":"dddf96","runId":"run-2","hypothesisId":"H1","location":"BoidGameManager2D.cs:143","message":"SpawnBoid primitive collider state","data":{"has3dColliderBeforeDestroy":"True","colliderType":"MeshCollider"},"timestamp":1774101554138}
{"sessionId":"dddf96","runId":"run-2","hypothesisId":"H1","location":"BoidGameManager2D.cs:154","message":"Post-destroy collider check","data":{"has3dColliderAfterDestroyCall":"False"},"timestamp":1774101554144}
{"sessionId":"dddf96","runId":"run-2","hypothesisId":"H1","location":"BoidGameManager2D.cs:165","message":"Added BoxCollider2D","data":{"boxColliderAdded":"True"},"timestamp":1774101554148}
{"sessionId":"dddf96","runId":"run-2","hypothesisId":"H2","location":"BoidGameManager2D.cs:193","message":"BoidAgent2D add result","data":{"boidComponentNull":"False","hasRigidbody2D":"True","hasCollider2D":"True"},"timestamp":1774101554154}
{"sessionId":"dddf96","runId":"run-2","hypothesisId":"H1","location":"BoidGameManager2D.cs:143","message":"SpawnBoid primitive collider state","data":{"has3dColliderBeforeDestroy":"True","colliderType":"MeshCollider"},"timestamp":1774101554160}
{"sessionId":"dddf96","runId":"run-2","hypothesisId":"H1","location":"BoidGameManager2D.cs:154","message":"Post-destroy collider check","data":{"has3dColliderAfterDestroyCall":"False"},"timestamp":1774101554165}
{"sessionId":"dddf96","runId":"run-2","hypothesisId":"H1","location":"BoidGameManager2D.cs:165","message":"Added BoxCollider2D","data":{"boxColliderAdded":"True"},"timestamp":1774101554171}
{"sessionId":"dddf96","runId":"run-2","hypothesisId":"H2","location":"BoidGameManager2D.cs:193","message":"BoidAgent2D add result","data":{"boidComponentNull":"False","hasRigidbody2D":"True","hasCollider2D":"True"},"timestamp":1774101554177}
{"sessionId":"dddf96","runId":"run-2","hypothesisId":"H1","location":"BoidGameManager2D.cs:143","message":"SpawnBoid primitive collider state","data":{"has3dColliderBeforeDestroy":"True","colliderType":"MeshCollider"},"timestamp":1774101554182}
{"sessionId":"dddf96","runId":"run-2","hypothesisId":"H1","location":"BoidGameManager2D.cs:154","message":"Post-destroy collider check","data":{"has3dColliderAfterDestroyCall":"False"},"timestamp":1774101554189}
{"sessionId":"dddf96","runId":"run-2","hypothesisId":"H1","location":"BoidGameManager2D.cs:165","message":"Added BoxCollider2D","data":{"boxColliderAdded":"True"},"timestamp":1774101554194}
{"sessionId":"dddf96","runId":"run-2","hypothesisId":"H2","location":"BoidGameManager2D.cs:193","message":"BoidAgent2D add result","data":{"boidComponentNull":"False","hasRigidbody2D":"True","hasCollider2D":"True"},"timestamp":1774101554201}
{"sessionId":"dddf96","runId":"run-2","hypothesisId":"H1","location":"BoidGameManager2D.cs:143","message":"SpawnBoid primitive collider state","data":{"has3dColliderBeforeDestroy":"True","colliderType":"MeshCollider"},"timestamp":1774101554208}
{"sessionId":"dddf96","runId":"run-2","hypothesisId":"H1","location":"BoidGameManager2D.cs:154","message":"Post-destroy collider check","data":{"has3dColliderAfterDestroyCall":"False"},"timestamp":1774101554217}
{"sessionId":"dddf96","runId":"run-2","hypothesisId":"H1","location":"BoidGameManager2D.cs:165","message":"Added BoxCollider2D","data":{"boxColliderAdded":"True"},"timestamp":1774101554224}
{"sessionId":"dddf96","runId":"run-2","hypothesisId":"H2","location":"BoidGameManager2D.cs:193","message":"BoidAgent2D add result","data":{"boidComponentNull":"False","hasRigidbody2D":"True","hasCollider2D":"True"},"timestamp":1774101554230}
{"sessionId":"dddf96","runId":"run-2","hypothesisId":"H1","location":"BoidGameManager2D.cs:143","message":"SpawnBoid primitive collider state","data":{"has3dColliderBeforeDestroy":"True","colliderType":"MeshCollider"},"timestamp":1774101554235}
{"sessionId":"dddf96","runId":"run-2","hypothesisId":"H1","location":"BoidGameManager2D.cs:154","message":"Post-destroy collider check","data":{"has3dColliderAfterDestroyCall":"False"},"timestamp":1774101554243}
{"sessionId":"dddf96","runId":"run-2","hypothesisId":"H1","location":"BoidGameManager2D.cs:165","message":"Added BoxCollider2D","data":{"boxColliderAdded":"True"},"timestamp":1774101554253}
{"sessionId":"dddf96","runId":"run-2","hypothesisId":"H2","location":"BoidGameManager2D.cs:193","message":"BoidAgent2D add result","data":{"boidComponentNull":"False","hasRigidbody2D":"True","hasCollider2D":"True"},"timestamp":1774101554259}
{"sessionId":"dddf96","runId":"run-2","hypothesisId":"H1","location":"BoidGameManager2D.cs:143","message":"SpawnBoid primitive collider state","data":{"has3dColliderBeforeDestroy":"True","colliderType":"MeshCollider"},"timestamp":1774101554265}
{"sessionId":"dddf96","runId":"run-2","hypothesisId":"H1","location":"BoidGameManager2D.cs:154","message":"Post-destroy collider check","data":{"has3dColliderAfterDestroyCall":"False"},"timestamp":1774101554271}
{"sessionId":"dddf96","runId":"run-2","hypothesisId":"H1","location":"BoidGameManager2D.cs:165","message":"Added BoxCollider2D","data":{"boxColliderAdded":"True"},"timestamp":1774101554279}
{"sessionId":"dddf96","runId":"run-2","hypothesisId":"H2","location":"BoidGameManager2D.cs:193","message":"BoidAgent2D add result","data":{"boidComponentNull":"False","hasRigidbody2D":"True","hasCollider2D":"True"},"timestamp":1774101554287}
{"sessionId":"dddf96","runId":"run-2","hypothesisId":"H1","location":"BoidGameManager2D.cs:143","message":"SpawnBoid primitive collider state","data":{"has3dColliderBeforeDestroy":"True","colliderType":"MeshCollider"},"timestamp":1774101554293}
{"sessionId":"dddf96","runId":"run-2","hypothesisId":"H1","location":"BoidGameManager2D.cs:154","message":"Post-destroy collider check","data":{"has3dColliderAfterDestroyCall":"False"},"timestamp":1774101554298}
{"sessionId":"dddf96","runId":"run-2","hypothesisId":"H1","location":"BoidGameManager2D.cs:165","message":"Added BoxCollider2D","data":{"boxColliderAdded":"True"},"timestamp":1774101554305}
{"sessionId":"dddf96","runId":"run-2","hypothesisId":"H2","location":"BoidGameManager2D.cs:193","message":"BoidAgent2D add result","data":{"boidComponentNull":"False","hasRigidbody2D":"True","hasCollider2D":"True"},"timestamp":1774101554310}
{"sessionId":"dddf96","runId":"run-2","hypothesisId":"H1","location":"BoidGameManager2D.cs:143","message":"SpawnBoid primitive collider state","data":{"has3dColliderBeforeDestroy":"True","colliderType":"MeshCollider"},"timestamp":1774101554318}
{"sessionId":"dddf96","runId":"run-2","hypothesisId":"H1","location":"BoidGameManager2D.cs:154","message":"Post-destroy collider check","data":{"has3dColliderAfterDestroyCall":"False"},"timestamp":1774101554327}
{"sessionId":"dddf96","runId":"run-2","hypothesisId":"H1","location":"BoidGameManager2D.cs:165","message":"Added BoxCollider2D","data":{"boxColliderAdded":"True"},"timestamp":1774101554335}
{"sessionId":"dddf96","runId":"run-2","hypothesisId":"H2","location":"BoidGameManager2D.cs:193","message":"BoidAgent2D add result","data":{"boidComponentNull":"False","hasRigidbody2D":"True","hasCollider2D":"True"},"timestamp":1774101554344}
{"sessionId":"dddf96","runId":"run-2","hypothesisId":"H1","location":"BoidGameManager2D.cs:143","message":"SpawnBoid primitive collider state","data":{"has3dColliderBeforeDestroy":"True","colliderType":"MeshCollider"},"timestamp":1774101554351}
{"sessionId":"dddf96","runId":"run-2","hypothesisId":"H1","location":"BoidGameManager2D.cs:154","message":"Post-destroy collider check","data":{"has3dColliderAfterDestroyCall":"False"},"timestamp":1774101554357}
{"sessionId":"dddf96","runId":"run-2","hypothesisId":"H1","location":"BoidGameManager2D.cs:165","message":"Added BoxCollider2D","data":{"boxColliderAdded":"True"},"timestamp":1774101554363}
{"sessionId":"dddf96","runId":"run-2","hypothesisId":"H2","location":"BoidGameManager2D.cs:193","message":"BoidAgent2D add result","data":{"boidComponentNull":"False","hasRigidbody2D":"True","hasCollider2D":"True"},"timestamp":1774101554369}
{"sessionId":"dddf96","runId":"run-2","hypothesisId":"H1","location":"BoidGameManager2D.cs:143","message":"SpawnBoid primitive collider state","data":{"has3dColliderBeforeDestroy":"True","colliderType":"MeshCollider"},"timestamp":1774101554375}
{"sessionId":"dddf96","runId":"run-2","hypothesisId":"H1","location":"BoidGameManager2D.cs:154","message":"Post-destroy collider check","data":{"has3dColliderAfterDestroyCall":"False"},"timestamp":1774101554381}
{"sessionId":"dddf96","runId":"run-2","hypothesisId":"H1","location":"BoidGameManager2D.cs:165","message":"Added BoxCollider2D","data":{"boxColliderAdded":"True"},"timestamp":1774101554386}
{"sessionId":"dddf96","runId":"run-2","hypothesisId":"H2","location":"BoidGameManager2D.cs:193","message":"BoidAgent2D add result","data":{"boidComponentNull":"False","hasRigidbody2D":"True","hasCollider2D":"True"},"timestamp":1774101554398}
{"sessionId":"dddf96","runId":"run-2","hypothesisId":"H1","location":"BoidGameManager2D.cs:143","message":"SpawnBoid primitive collider state","data":{"has3dColliderBeforeDestroy":"True","colliderType":"MeshCollider"},"timestamp":1774101554412}
{"sessionId":"dddf96","runId":"run-2","hypothesisId":"H1","location":"BoidGameManager2D.cs:154","message":"Post-destroy collider check","data":{"has3dColliderAfterDestroyCall":"False"},"timestamp":1774101554419}
{"sessionId":"dddf96","runId":"run-2","hypothesisId":"H1","location":"BoidGameManager2D.cs:165","message":"Added BoxCollider2D","data":{"boxColliderAdded":"True"},"timestamp":1774101554426}
{"sessionId":"dddf96","runId":"run-2","hypothesisId":"H2","location":"BoidGameManager2D.cs:193","message":"BoidAgent2D add result","data":{"boidComponentNull":"False","hasRigidbody2D":"True","hasCollider2D":"True"},"timestamp":1774101554431}
{"sessionId":"dddf96","runId":"run-2","hypothesisId":"H1","location":"BoidGameManager2D.cs:143","message":"SpawnBoid primitive collider state","data":{"has3dColliderBeforeDestroy":"True","colliderType":"MeshCollider"},"timestamp":1774101554439}
{"sessionId":"dddf96","runId":"run-2","hypothesisId":"H1","location":"BoidGameManager2D.cs:154","message":"Post-destroy collider check","data":{"has3dColliderAfterDestroyCall":"False"},"timestamp":1774101554445}
{"sessionId":"dddf96","runId":"run-2","hypothesisId":"H1","location":"BoidGameManager2D.cs:165","message":"Added BoxCollider2D","data":{"boxColliderAdded":"True"},"timestamp":1774101554452}
{"sessionId":"dddf96","runId":"run-2","hypothesisId":"H2","location":"BoidGameManager2D.cs:193","message":"BoidAgent2D add result","data":{"boidComponentNull":"False","hasRigidbody2D":"True","hasCollider2D":"True"},"timestamp":1774101554459}
{"sessionId":"dddf96","runId":"run-2","hypothesisId":"H1","location":"BoidGameManager2D.cs:143","message":"SpawnBoid primitive collider state","data":{"has3dColliderBeforeDestroy":"True","colliderType":"MeshCollider"},"timestamp":1774101554469}
{"sessionId":"dddf96","runId":"run-2","hypothesisId":"H1","location":"BoidGameManager2D.cs:154","message":"Post-destroy collider check","data":{"has3dColliderAfterDestroyCall":"False"},"timestamp":1774101554477}
{"sessionId":"dddf96","runId":"run-2","hypothesisId":"H1","location":"BoidGameManager2D.cs:165","message":"Added BoxCollider2D","data":{"boxColliderAdded":"True"},"timestamp":1774101554485}
{"sessionId":"dddf96","runId":"run-2","hypothesisId":"H2","location":"BoidGameManager2D.cs:193","message":"BoidAgent2D add result","data":{"boidComponentNull":"False","hasRigidbody2D":"True","hasCollider2D":"True"},"timestamp":1774101554491}
{"sessionId":"dddf96","runId":"run-2","hypothesisId":"H1","location":"BoidGameManager2D.cs:143","message":"SpawnBoid primitive collider state","data":{"has3dColliderBeforeDestroy":"True","colliderType":"MeshCollider"},"timestamp":1774101554498}
{"sessionId":"dddf96","runId":"run-2","hypothesisId":"H1","location":"BoidGameManager2D.cs:154","message":"Post-destroy collider check","data":{"has3dColliderAfterDestroyCall":"False"},"timestamp":1774101554505}
{"sessionId":"dddf96","runId":"run-2","hypothesisId":"H1","location":"BoidGameManager2D.cs:165","message":"Added BoxCollider2D","data":{"boxColliderAdded":"True"},"timestamp":1774101554512}
{"sessionId":"dddf96","runId":"run-2","hypothesisId":"H2","location":"BoidGameManager2D.cs:193","message":"BoidAgent2D add result","data":{"boidComponentNull":"False","hasRigidbody2D":"True","hasCollider2D":"True"},"timestamp":1774101554519}
{"sessionId":"dddf96","runId":"run-2","hypothesisId":"H1","location":"BoidGameManager2D.cs:143","message":"SpawnBoid primitive collider state","data":{"has3dColliderBeforeDestroy":"True","colliderType":"MeshCollider"},"timestamp":1774101554527}
{"sessionId":"dddf96","runId":"run-2","hypothesisId":"H1","location":"BoidGameManager2D.cs:154","message":"Post-destroy collider check","data":{"has3dColliderAfterDestroyCall":"False"},"timestamp":1774101554533}
{"sessionId":"dddf96","runId":"run-2","hypothesisId":"H1","location":"BoidGameManager2D.cs:165","message":"Added BoxCollider2D","data":{"boxColliderAdded":"True"},"timestamp":1774101554540}
{"sessionId":"dddf96","runId":"run-2","hypothesisId":"H2","location":"BoidGameManager2D.cs:193","message":"BoidAgent2D add result","data":{"boidComponentNull":"False","hasRigidbody2D":"True","hasCollider2D":"True"},"timestamp":1774101554546}
{"sessionId":"dddf96","runId":"run-2","hypothesisId":"H1","location":"BoidGameManager2D.cs:143","message":"SpawnBoid primitive collider state","data":{"has3dColliderBeforeDestroy":"True","colliderType":"MeshCollider"},"timestamp":1774101554553}
{"sessionId":"dddf96","runId":"run-2","hypothesisId":"H1","location":"BoidGameManager2D.cs:154","message":"Post-destroy collider check","data":{"has3dColliderAfterDestroyCall":"False"},"timestamp":1774101554559}
{"sessionId":"dddf96","runId":"run-2","hypothesisId":"H1","location":"BoidGameManager2D.cs:165","message":"Added BoxCollider2D","data":{"boxColliderAdded":"True"},"timestamp":1774101554566}
{"sessionId":"dddf96","runId":"run-2","hypothesisId":"H2","location":"BoidGameManager2D.cs:193","message":"BoidAgent2D add result","data":{"boidComponentNull":"False","hasRigidbody2D":"True","hasCollider2D":"True"},"timestamp":1774101554572}
{"sessionId":"dddf96","runId":"run-2","hypothesisId":"H1","location":"BoidGameManager2D.cs:143","message":"SpawnBoid primitive collider state","data":{"has3dColliderBeforeDestroy":"True","colliderType":"MeshCollider"},"timestamp":1774101554580}
{"sessionId":"dddf96","runId":"run-2","hypothesisId":"H1","location":"BoidGameManager2D.cs:154","message":"Post-destroy collider check","data":{"has3dColliderAfterDestroyCall":"False"},"timestamp":1774101554588}
{"sessionId":"dddf96","runId":"run-2","hypothesisId":"H1","location":"BoidGameManager2D.cs:165","message":"Added BoxCollider2D","data":{"boxColliderAdded":"True"},"timestamp":1774101554595}
{"sessionId":"dddf96","runId":"run-2","hypothesisId":"H2","location":"BoidGameManager2D.cs:193","message":"BoidAgent2D add result","data":{"boidComponentNull":"False","hasRigidbody2D":"True","hasCollider2D":"True"},"timestamp":1774101554602}
{"sessionId":"dddf96","runId":"run-2","hypothesisId":"H1","location":"BoidGameManager2D.cs:143","message":"SpawnBoid primitive collider state","data":{"has3dColliderBeforeDestroy":"True","colliderType":"MeshCollider"},"timestamp":1774101554609}
{"sessionId":"dddf96","runId":"run-2","hypothesisId":"H1","location":"BoidGameManager2D.cs:154","message":"Post-destroy collider check","data":{"has3dColliderAfterDestroyCall":"False"},"timestamp":1774101554617}
{"sessionId":"dddf96","runId":"run-2","hypothesisId":"H1","location":"BoidGameManager2D.cs:165","message":"Added BoxCollider2D","data":{"boxColliderAdded":"True"},"timestamp":1774101554625}
{"sessionId":"dddf96","runId":"run-2","hypothesisId":"H2","location":"BoidGameManager2D.cs:193","message":"BoidAgent2D add result","data":{"boidComponentNull":"False","hasRigidbody2D":"True","hasCollider2D":"True"},"timestamp":1774101554631}
{"sessionId":"dddf96","runId":"run-2","hypothesisId":"H1","location":"BoidGameManager2D.cs:143","message":"SpawnBoid primitive collider state","data":{"has3dColliderBeforeDestroy":"True","colliderType":"MeshCollider"},"timestamp":1774101554639}
{"sessionId":"dddf96","runId":"run-2","hypothesisId":"H1","location":"BoidGameManager2D.cs:154","message":"Post-destroy collider check","data":{"has3dColliderAfterDestroyCall":"False"},"timestamp":1774101554645}
{"sessionId":"dddf96","runId":"run-2","hypothesisId":"H1","location":"BoidGameManager2D.cs:165","message":"Added BoxCollider2D","data":{"boxColliderAdded":"True"},"timestamp":1774101554654}
{"sessionId":"dddf96","runId":"run-2","hypothesisId":"H2","location":"BoidGameManager2D.cs:193","message":"BoidAgent2D add result","data":{"boidComponentNull":"False","hasRigidbody2D":"True","hasCollider2D":"True"},"timestamp":1774101554661}
{"sessionId":"dddf96","runId":"run-2","hypothesisId":"H1","location":"BoidGameManager2D.cs:143","message":"SpawnBoid primitive collider state","data":{"has3dColliderBeforeDestroy":"True","colliderType":"MeshCollider"},"timestamp":1774101554669}
{"sessionId":"dddf96","runId":"run-2","hypothesisId":"H1","location":"BoidGameManager2D.cs:154","message":"Post-destroy collider check","data":{"has3dColliderAfterDestroyCall":"False"},"timestamp":1774101554676}
{"sessionId":"dddf96","runId":"run-2","hypothesisId":"H1","location":"BoidGameManager2D.cs:165","message":"Added BoxCollider2D","data":{"boxColliderAdded":"True"},"timestamp":1774101554683}
{"sessionId":"dddf96","runId":"run-2","hypothesisId":"H2","location":"BoidGameManager2D.cs:193","message":"BoidAgent2D add result","data":{"boidComponentNull":"False","hasRigidbody2D":"True","hasCollider2D":"True"},"timestamp":1774101554690}
{"sessionId":"dddf96","runId":"run-2","hypothesisId":"H1","location":"BoidGameManager2D.cs:143","message":"SpawnBoid primitive collider state","data":{"has3dColliderBeforeDestroy":"True","colliderType":"MeshCollider"},"timestamp":1774101554697}
{"sessionId":"dddf96","runId":"run-2","hypothesisId":"H1","location":"BoidGameManager2D.cs:154","message":"Post-destroy collider check","data":{"has3dColliderAfterDestroyCall":"False"},"timestamp":1774101554703}
{"sessionId":"dddf96","runId":"run-2","hypothesisId":"H1","location":"BoidGameManager2D.cs:165","message":"Added BoxCollider2D","data":{"boxColliderAdded":"True"},"timestamp":1774101554709}
{"sessionId":"dddf96","runId":"run-2","hypothesisId":"H2","location":"BoidGameManager2D.cs:193","message":"BoidAgent2D add result","data":{"boidComponentNull":"False","hasRigidbody2D":"True","hasCollider2D":"True"},"timestamp":1774101554716}
{"sessionId":"dddf96","runId":"run-2","hypothesisId":"H1","location":"BoidGameManager2D.cs:143","message":"SpawnBoid primitive collider state","data":{"has3dColliderBeforeDestroy":"True","colliderType":"MeshCollider"},"timestamp":1774101554724}
{"sessionId":"dddf96","runId":"run-2","hypothesisId":"H1","location":"BoidGameManager2D.cs:154","message":"Post-destroy collider check","data":{"has3dColliderAfterDestroyCall":"False"},"timestamp":1774101554729}
{"sessionId":"dddf96","runId":"run-2","hypothesisId":"H1","location":"BoidGameManager2D.cs:165","message":"Added BoxCollider2D","data":{"boxColliderAdded":"True"},"timestamp":1774101554737}
{"sessionId":"dddf96","runId":"run-2","hypothesisId":"H2","location":"BoidGameManager2D.cs:193","message":"BoidAgent2D add result","data":{"boidComponentNull":"False","hasRigidbody2D":"True","hasCollider2D":"True"},"timestamp":1774101554744}
{"sessionId":"dddf96","runId":"run-2","hypothesisId":"H1","location":"BoidGameManager2D.cs:143","message":"SpawnBoid primitive collider state","data":{"has3dColliderBeforeDestroy":"True","colliderType":"MeshCollider"},"timestamp":1774101554752}
{"sessionId":"dddf96","runId":"run-2","hypothesisId":"H1","location":"BoidGameManager2D.cs:154","message":"Post-destroy collider check","data":{"has3dColliderAfterDestroyCall":"False"},"timestamp":1774101554759}
{"sessionId":"dddf96","runId":"run-2","hypothesisId":"H1","location":"BoidGameManager2D.cs:165","message":"Added BoxCollider2D","data":{"boxColliderAdded":"True"},"timestamp":1774101554766}
{"sessionId":"dddf96","runId":"run-2","hypothesisId":"H2","location":"BoidGameManager2D.cs:193","message":"BoidAgent2D add result","data":{"boidComponentNull":"False","hasRigidbody2D":"True","hasCollider2D":"True"},"timestamp":1774101554775}
{"sessionId":"dddf96","runId":"run-2","hypothesisId":"H1","location":"BoidGameManager2D.cs:143","message":"SpawnBoid primitive collider state","data":{"has3dColliderBeforeDestroy":"True","colliderType":"MeshCollider"},"timestamp":1774101554782}
{"sessionId":"dddf96","runId":"run-2","hypothesisId":"H1","location":"BoidGameManager2D.cs:154","message":"Post-destroy collider check","data":{"has3dColliderAfterDestroyCall":"False"},"timestamp":1774101554791}
{"sessionId":"dddf96","runId":"run-2","hypothesisId":"H1","location":"BoidGameManager2D.cs:165","message":"Added BoxCollider2D","data":{"boxColliderAdded":"True"},"timestamp":1774101554797}
{"sessionId":"dddf96","runId":"run-2","hypothesisId":"H2","location":"BoidGameManager2D.cs:193","message":"BoidAgent2D add result","data":{"boidComponentNull":"False","hasRigidbody2D":"True","hasCollider2D":"True"},"timestamp":1774101554806}
{"sessionId":"dddf96","runId":"run-2","hypothesisId":"H1","location":"BoidGameManager2D.cs:143","message":"SpawnBoid primitive collider state","data":{"has3dColliderBeforeDestroy":"True","colliderType":"MeshCollider"},"timestamp":1774101554813}
{"sessionId":"dddf96","runId":"run-2","hypothesisId":"H1","location":"BoidGameManager2D.cs:154","message":"Post-destroy collider check","data":{"has3dColliderAfterDestroyCall":"False"},"timestamp":1774101554823}
{"sessionId":"dddf96","runId":"run-2","hypothesisId":"H1","location":"BoidGameManager2D.cs:165","message":"Added BoxCollider2D","data":{"boxColliderAdded":"True"},"timestamp":1774101554831}
{"sessionId":"dddf96","runId":"run-2","hypothesisId":"H2","location":"BoidGameManager2D.cs:193","message":"BoidAgent2D add result","data":{"boidComponentNull":"False","hasRigidbody2D":"True","hasCollider2D":"True"},"timestamp":1774101554840}
{"sessionId":"dddf96","runId":"run-2","hypothesisId":"H1","location":"BoidGameManager2D.cs:143","message":"SpawnBoid primitive collider state","data":{"has3dColliderBeforeDestroy":"True","colliderType":"MeshCollider"},"timestamp":1774101554848}
{"sessionId":"dddf96","runId":"run-2","hypothesisId":"H1","location":"BoidGameManager2D.cs:154","message":"Post-destroy collider check","data":{"has3dColliderAfterDestroyCall":"False"},"timestamp":1774101554856}
{"sessionId":"dddf96","runId":"run-2","hypothesisId":"H1","location":"BoidGameManager2D.cs:165","message":"Added BoxCollider2D","data":{"boxColliderAdded":"True"},"timestamp":1774101554864}
{"sessionId":"dddf96","runId":"run-2","hypothesisId":"H2","location":"BoidGameManager2D.cs:193","message":"BoidAgent2D add result","data":{"boidComponentNull":"False","hasRigidbody2D":"True","hasCollider2D":"True"},"timestamp":1774101554871}
{"sessionId":"dddf96","runId":"run-2","hypothesisId":"H1","location":"BoidGameManager2D.cs:143","message":"SpawnBoid primitive collider state","data":{"has3dColliderBeforeDestroy":"True","colliderType":"MeshCollider"},"timestamp":1774101554880}
{"sessionId":"dddf96","runId":"run-2","hypothesisId":"H1","location":"BoidGameManager2D.cs:154","message":"Post-destroy collider check","data":{"has3dColliderAfterDestroyCall":"False"},"timestamp":1774101554888}
{"sessionId":"dddf96","runId":"run-2","hypothesisId":"H1","location":"BoidGameManager2D.cs:165","message":"Added BoxCollider2D","data":{"boxColliderAdded":"True"},"timestamp":1774101554895}
{"sessionId":"dddf96","runId":"run-2","hypothesisId":"H2","location":"BoidGameManager2D.cs:193","message":"BoidAgent2D add result","data":{"boidComponentNull":"False","hasRigidbody2D":"True","hasCollider2D":"True"},"timestamp":1774101554903}
{"sessionId":"dddf96","runId":"run-2","hypothesisId":"H1","location":"BoidGameManager2D.cs:143","message":"SpawnBoid primitive collider state","data":{"has3dColliderBeforeDestroy":"True","colliderType":"MeshCollider"},"timestamp":1774101554913}
{"sessionId":"dddf96","runId":"run-2","hypothesisId":"H1","location":"BoidGameManager2D.cs:154","message":"Post-destroy collider check","data":{"has3dColliderAfterDestroyCall":"False"},"timestamp":1774101554921}
{"sessionId":"dddf96","runId":"run-2","hypothesisId":"H1","location":"BoidGameManager2D.cs:165","message":"Added BoxCollider2D","data":{"boxColliderAdded":"True"},"timestamp":1774101554929}
{"sessionId":"dddf96","runId":"run-2","hypothesisId":"H2","location":"BoidGameManager2D.cs:193","message":"BoidAgent2D add result","data":{"boidComponentNull":"False","hasRigidbody2D":"True","hasCollider2D":"True"},"timestamp":1774101554938}
{"sessionId":"dddf96","runId":"run-2","hypothesisId":"H1","location":"BoidGameManager2D.cs:143","message":"SpawnBoid primitive collider state","data":{"has3dColliderBeforeDestroy":"True","colliderType":"MeshCollider"},"timestamp":1774101554946}
{"sessionId":"dddf96","runId":"run-2","hypothesisId":"H1","location":"BoidGameManager2D.cs:154","message":"Post-destroy collider check","data":{"has3dColliderAfterDestroyCall":"False"},"timestamp":1774101554954}
{"sessionId":"dddf96","runId":"run-2","hypothesisId":"H1","location":"BoidGameManager2D.cs:165","message":"Added BoxCollider2D","data":{"boxColliderAdded":"True"},"timestamp":1774101554962}
{"sessionId":"dddf96","runId":"run-2","hypothesisId":"H2","location":"BoidGameManager2D.cs:193","message":"BoidAgent2D add result","data":{"boidComponentNull":"False","hasRigidbody2D":"True","hasCollider2D":"True"},"timestamp":1774101554971}
{"sessionId":"dddf96","runId":"run-2","hypothesisId":"H1","location":"BoidGameManager2D.cs:143","message":"SpawnBoid primitive collider state","data":{"has3dColliderBeforeDestroy":"True","colliderType":"MeshCollider"},"timestamp":1774101554979}
{"sessionId":"dddf96","runId":"run-2","hypothesisId":"H1","location":"BoidGameManager2D.cs:154","message":"Post-destroy collider check","data":{"has3dColliderAfterDestroyCall":"False"},"timestamp":1774101554987}
{"sessionId":"dddf96","runId":"run-2","hypothesisId":"H1","location":"BoidGameManager2D.cs:165","message":"Added BoxCollider2D","data":{"boxColliderAdded":"True"},"timestamp":1774101554994}
{"sessionId":"dddf96","runId":"run-2","hypothesisId":"H2","location":"BoidGameManager2D.cs:193","message":"BoidAgent2D add result","data":{"boidComponentNull":"False","hasRigidbody2D":"True","hasCollider2D":"True"},"timestamp":1774101555003}
{"sessionId":"dddf96","runId":"run-2","hypothesisId":"H1","location":"BoidGameManager2D.cs:143","message":"SpawnBoid primitive collider state","data":{"has3dColliderBeforeDestroy":"True","colliderType":"MeshCollider"},"timestamp":1774101555010}
{"sessionId":"dddf96","runId":"run-2","hypothesisId":"H1","location":"BoidGameManager2D.cs:154","message":"Post-destroy collider check","data":{"has3dColliderAfterDestroyCall":"False"},"timestamp":1774101555016}
{"sessionId":"dddf96","runId":"run-2","hypothesisId":"H1","location":"BoidGameManager2D.cs:165","message":"Added BoxCollider2D","data":{"boxColliderAdded":"True"},"timestamp":1774101555025}
{"sessionId":"dddf96","runId":"run-2","hypothesisId":"H2","location":"BoidGameManager2D.cs:193","message":"BoidAgent2D add result","data":{"boidComponentNull":"False","hasRigidbody2D":"True","hasCollider2D":"True"},"timestamp":1774101555032}
{"sessionId":"dddf96","runId":"run-2","hypothesisId":"H1","location":"BoidGameManager2D.cs:143","message":"SpawnBoid primitive collider state","data":{"has3dColliderBeforeDestroy":"True","colliderType":"MeshCollider"},"timestamp":1774101555039}
{"sessionId":"dddf96","runId":"run-2","hypothesisId":"H1","location":"BoidGameManager2D.cs:154","message":"Post-destroy collider check","data":{"has3dColliderAfterDestroyCall":"False"},"timestamp":1774101555047}
{"sessionId":"dddf96","runId":"run-2","hypothesisId":"H1","location":"BoidGameManager2D.cs:165","message":"Added BoxCollider2D","data":{"boxColliderAdded":"True"},"timestamp":1774101555056}
{"sessionId":"dddf96","runId":"run-2","hypothesisId":"H2","location":"BoidGameManager2D.cs:193","message":"BoidAgent2D add result","data":{"boidComponentNull":"False","hasRigidbody2D":"True","hasCollider2D":"True"},"timestamp":1774101555064}
{"sessionId":"dddf96","runId":"run-2","hypothesisId":"H1","location":"BoidGameManager2D.cs:143","message":"SpawnBoid primitive collider state","data":{"has3dColliderBeforeDestroy":"True","colliderType":"MeshCollider"},"timestamp":1774101555072}
{"sessionId":"dddf96","runId":"run-2","hypothesisId":"H1","location":"BoidGameManager2D.cs:154","message":"Post-destroy collider check","data":{"has3dColliderAfterDestroyCall":"False"},"timestamp":1774101555078}
{"sessionId":"dddf96","runId":"run-2","hypothesisId":"H1","location":"BoidGameManager2D.cs:165","message":"Added BoxCollider2D","data":{"boxColliderAdded":"True"},"timestamp":1774101555086}
{"sessionId":"dddf96","runId":"run-2","hypothesisId":"H2","location":"BoidGameManager2D.cs:193","message":"BoidAgent2D add result","data":{"boidComponentNull":"False","hasRigidbody2D":"True","hasCollider2D":"True"},"timestamp":1774101555095}
{"sessionId":"dddf96","runId":"run-2","hypothesisId":"H1","location":"BoidGameManager2D.cs:143","message":"SpawnBoid primitive collider state","data":{"has3dColliderBeforeDestroy":"True","colliderType":"MeshCollider"},"timestamp":1774101555104}
{"sessionId":"dddf96","runId":"run-2","hypothesisId":"H1","location":"BoidGameManager2D.cs:154","message":"Post-destroy collider check","data":{"has3dColliderAfterDestroyCall":"False"},"timestamp":1774101555111}
{"sessionId":"dddf96","runId":"run-2","hypothesisId":"H1","location":"BoidGameManager2D.cs:165","message":"Added BoxCollider2D","data":{"boxColliderAdded":"True"},"timestamp":1774101555121}
{"sessionId":"dddf96","runId":"run-2","hypothesisId":"H2","location":"BoidGameManager2D.cs:193","message":"BoidAgent2D add result","data":{"boidComponentNull":"False","hasRigidbody2D":"True","hasCollider2D":"True"},"timestamp":1774101555128}
{"sessionId":"dddf96","runId":"run-2","hypothesisId":"H1","location":"BoidGameManager2D.cs:143","message":"SpawnBoid primitive collider state","data":{"has3dColliderBeforeDestroy":"True","colliderType":"MeshCollider"},"timestamp":1774101555135}
{"sessionId":"dddf96","runId":"run-2","hypothesisId":"H1","location":"BoidGameManager2D.cs:154","message":"Post-destroy collider check","data":{"has3dColliderAfterDestroyCall":"False"},"timestamp":1774101555142}
{"sessionId":"dddf96","runId":"run-2","hypothesisId":"H1","location":"BoidGameManager2D.cs:165","message":"Added BoxCollider2D","data":{"boxColliderAdded":"True"},"timestamp":1774101555152}
{"sessionId":"dddf96","runId":"run-2","hypothesisId":"H2","location":"BoidGameManager2D.cs:193","message":"BoidAgent2D add result","data":{"boidComponentNull":"False","hasRigidbody2D":"True","hasCollider2D":"True"},"timestamp":1774101555158}
{"sessionId":"dddf96","runId":"run-2","hypothesisId":"H1","location":"BoidGameManager2D.cs:143","message":"SpawnBoid primitive collider state","data":{"has3dColliderBeforeDestroy":"True","colliderType":"MeshCollider"},"timestamp":1774101555166}
{"sessionId":"dddf96","runId":"run-2","hypothesisId":"H1","location":"BoidGameManager2D.cs:154","message":"Post-destroy collider check","data":{"has3dColliderAfterDestroyCall":"False"},"timestamp":1774101555174}
{"sessionId":"dddf96","runId":"run-2","hypothesisId":"H1","location":"BoidGameManager2D.cs:165","message":"Added BoxCollider2D","data":{"boxColliderAdded":"True"},"timestamp":1774101555180}
{"sessionId":"dddf96","runId":"run-2","hypothesisId":"H2","location":"BoidGameManager2D.cs:193","message":"BoidAgent2D add result","data":{"boidComponentNull":"False","hasRigidbody2D":"True","hasCollider2D":"True"},"timestamp":1774101555187}
{"sessionId":"dddf96","runId":"run-2","hypothesisId":"H1","location":"BoidGameManager2D.cs:143","message":"SpawnBoid primitive collider state","data":{"has3dColliderBeforeDestroy":"True","colliderType":"MeshCollider"},"timestamp":1774101555193}
{"sessionId":"dddf96","runId":"run-2","hypothesisId":"H1","location":"BoidGameManager2D.cs:154","message":"Post-destroy collider check","data":{"has3dColliderAfterDestroyCall":"False"},"timestamp":1774101555199}
{"sessionId":"dddf96","runId":"run-2","hypothesisId":"H1","location":"BoidGameManager2D.cs:165","message":"Added BoxCollider2D","data":{"boxColliderAdded":"True"},"timestamp":1774101555206}
{"sessionId":"dddf96","runId":"run-2","hypothesisId":"H2","location":"BoidGameManager2D.cs:193","message":"BoidAgent2D add result","data":{"boidComponentNull":"False","hasRigidbody2D":"True","hasCollider2D":"True"},"timestamp":1774101555214}
{"sessionId":"dddf96","runId":"run-2","hypothesisId":"H1","location":"BoidGameManager2D.cs:143","message":"SpawnBoid primitive collider state","data":{"has3dColliderBeforeDestroy":"True","colliderType":"MeshCollider"},"timestamp":1774101555223}
{"sessionId":"dddf96","runId":"run-2","hypothesisId":"H1","location":"BoidGameManager2D.cs:154","message":"Post-destroy collider check","data":{"has3dColliderAfterDestroyCall":"False"},"timestamp":1774101555230}
{"sessionId":"dddf96","runId":"run-2","hypothesisId":"H1","location":"BoidGameManager2D.cs:165","message":"Added BoxCollider2D","data":{"boxColliderAdded":"True"},"timestamp":1774101555235}
{"sessionId":"dddf96","runId":"run-2","hypothesisId":"H2","location":"BoidGameManager2D.cs:193","message":"BoidAgent2D add result","data":{"boidComponentNull":"False","hasRigidbody2D":"True","hasCollider2D":"True"},"timestamp":1774101555245}
{"sessionId":"dddf96","runId":"run-2","hypothesisId":"H1","location":"BoidGameManager2D.cs:143","message":"SpawnBoid primitive collider state","data":{"has3dColliderBeforeDestroy":"True","colliderType":"MeshCollider"},"timestamp":1774101555254}
{"sessionId":"dddf96","runId":"run-2","hypothesisId":"H1","location":"BoidGameManager2D.cs:154","message":"Post-destroy collider check","data":{"has3dColliderAfterDestroyCall":"False"},"timestamp":1774101555262}
{"sessionId":"dddf96","runId":"run-2","hypothesisId":"H1","location":"BoidGameManager2D.cs:165","message":"Added BoxCollider2D","data":{"boxColliderAdded":"True"},"timestamp":1774101555271}
{"sessionId":"dddf96","runId":"run-2","hypothesisId":"H2","location":"BoidGameManager2D.cs:193","message":"BoidAgent2D add result","data":{"boidComponentNull":"False","hasRigidbody2D":"True","hasCollider2D":"True"},"timestamp":1774101555280}
{"sessionId":"dddf96","runId":"run-2","hypothesisId":"H1","location":"BoidGameManager2D.cs:143","message":"SpawnBoid primitive collider state","data":{"has3dColliderBeforeDestroy":"True","colliderType":"MeshCollider"},"timestamp":1774101555290}
{"sessionId":"dddf96","runId":"run-2","hypothesisId":"H1","location":"BoidGameManager2D.cs:154","message":"Post-destroy collider check","data":{"has3dColliderAfterDestroyCall":"False"},"timestamp":1774101555299}
{"sessionId":"dddf96","runId":"run-2","hypothesisId":"H1","location":"BoidGameManager2D.cs:165","message":"Added BoxCollider2D","data":{"boxColliderAdded":"True"},"timestamp":1774101555307}
{"sessionId":"dddf96","runId":"run-2","hypothesisId":"H2","location":"BoidGameManager2D.cs:193","message":"BoidAgent2D add result","data":{"boidComponentNull":"False","hasRigidbody2D":"True","hasCollider2D":"True"},"timestamp":1774101555315}
{"sessionId":"dddf96","runId":"run-2","hypothesisId":"H1","location":"BoidGameManager2D.cs:143","message":"SpawnBoid primitive collider state","data":{"has3dColliderBeforeDestroy":"True","colliderType":"MeshCollider"},"timestamp":1774101555324}
{"sessionId":"dddf96","runId":"run-2","hypothesisId":"H1","location":"BoidGameManager2D.cs:154","message":"Post-destroy collider check","data":{"has3dColliderAfterDestroyCall":"False"},"timestamp":1774101555331}
{"sessionId":"dddf96","runId":"run-2","hypothesisId":"H1","location":"BoidGameManager2D.cs:165","message":"Added BoxCollider2D","data":{"boxColliderAdded":"True"},"timestamp":1774101555340}
{"sessionId":"dddf96","runId":"run-2","hypothesisId":"H2","location":"BoidGameManager2D.cs:193","message":"BoidAgent2D add result","data":{"boidComponentNull":"False","hasRigidbody2D":"True","hasCollider2D":"True"},"timestamp":1774101555349}
{"sessionId":"dddf96","runId":"run-2","hypothesisId":"H1","location":"BoidGameManager2D.cs:143","message":"SpawnBoid primitive collider state","data":{"has3dColliderBeforeDestroy":"True","colliderType":"MeshCollider"},"timestamp":1774101555356}
{"sessionId":"dddf96","runId":"run-2","hypothesisId":"H1","location":"BoidGameManager2D.cs:154","message":"Post-destroy collider check","data":{"has3dColliderAfterDestroyCall":"False"},"timestamp":1774101555365}
{"sessionId":"dddf96","runId":"run-2","hypothesisId":"H1","location":"BoidGameManager2D.cs:165","message":"Added BoxCollider2D","data":{"boxColliderAdded":"True"},"timestamp":1774101555374}
{"sessionId":"dddf96","runId":"run-2","hypothesisId":"H2","location":"BoidGameManager2D.cs:193","message":"BoidAgent2D add result","data":{"boidComponentNull":"False","hasRigidbody2D":"True","hasCollider2D":"True"},"timestamp":1774101555382}
{"sessionId":"dddf96","runId":"run-2","hypothesisId":"H1","location":"BoidGameManager2D.cs:143","message":"SpawnBoid primitive collider state","data":{"has3dColliderBeforeDestroy":"True","colliderType":"MeshCollider"},"timestamp":1774101555390}
{"sessionId":"dddf96","runId":"run-2","hypothesisId":"H1","location":"BoidGameManager2D.cs:154","message":"Post-destroy collider check","data":{"has3dColliderAfterDestroyCall":"False"},"timestamp":1774101555396}
{"sessionId":"dddf96","runId":"run-2","hypothesisId":"H1","location":"BoidGameManager2D.cs:165","message":"Added BoxCollider2D","data":{"boxColliderAdded":"True"},"timestamp":1774101555404}
{"sessionId":"dddf96","runId":"run-2","hypothesisId":"H2","location":"BoidGameManager2D.cs:193","message":"BoidAgent2D add result","data":{"boidComponentNull":"False","hasRigidbody2D":"True","hasCollider2D":"True"},"timestamp":1774101555413}
{"sessionId":"dddf96","runId":"run-2","hypothesisId":"H1","location":"BoidGameManager2D.cs:143","message":"SpawnBoid primitive collider state","data":{"has3dColliderBeforeDestroy":"True","colliderType":"MeshCollider"},"timestamp":1774101555422}
{"sessionId":"dddf96","runId":"run-2","hypothesisId":"H1","location":"BoidGameManager2D.cs:154","message":"Post-destroy collider check","data":{"has3dColliderAfterDestroyCall":"False"},"timestamp":1774101555431}
{"sessionId":"dddf96","runId":"run-2","hypothesisId":"H1","location":"BoidGameManager2D.cs:165","message":"Added BoxCollider2D","data":{"boxColliderAdded":"True"},"timestamp":1774101555443}
{"sessionId":"dddf96","runId":"run-2","hypothesisId":"H2","location":"BoidGameManager2D.cs:193","message":"BoidAgent2D add result","data":{"boidComponentNull":"False","hasRigidbody2D":"True","hasCollider2D":"True"},"timestamp":1774101555453}
{"sessionId":"dddf96","runId":"run-2","hypothesisId":"H1","location":"BoidGameManager2D.cs:143","message":"SpawnBoid primitive collider state","data":{"has3dColliderBeforeDestroy":"True","colliderType":"MeshCollider"},"timestamp":1774101555462}
{"sessionId":"dddf96","runId":"run-2","hypothesisId":"H1","location":"BoidGameManager2D.cs:154","message":"Post-destroy collider check","data":{"has3dColliderAfterDestroyCall":"False"},"timestamp":1774101555470}
{"sessionId":"dddf96","runId":"run-2","hypothesisId":"H1","location":"BoidGameManager2D.cs:165","message":"Added BoxCollider2D","data":{"boxColliderAdded":"True"},"timestamp":1774101555479}
{"sessionId":"dddf96","runId":"run-2","hypothesisId":"H2","location":"BoidGameManager2D.cs:193","message":"BoidAgent2D add result","data":{"boidComponentNull":"False","hasRigidbody2D":"True","hasCollider2D":"True"},"timestamp":1774101555488}
{"sessionId":"dddf96","runId":"run-2","hypothesisId":"H1","location":"BoidGameManager2D.cs:143","message":"SpawnBoid primitive collider state","data":{"has3dColliderBeforeDestroy":"True","colliderType":"MeshCollider"},"timestamp":1774101555496}
{"sessionId":"dddf96","runId":"run-2","hypothesisId":"H1","location":"BoidGameManager2D.cs:154","message":"Post-destroy collider check","data":{"has3dColliderAfterDestroyCall":"False"},"timestamp":1774101555506}
{"sessionId":"dddf96","runId":"run-2","hypothesisId":"H1","location":"BoidGameManager2D.cs:165","message":"Added BoxCollider2D","data":{"boxColliderAdded":"True"},"timestamp":1774101555514}
{"sessionId":"dddf96","runId":"run-2","hypothesisId":"H2","location":"BoidGameManager2D.cs:193","message":"BoidAgent2D add result","data":{"boidComponentNull":"False","hasRigidbody2D":"True","hasCollider2D":"True"},"timestamp":1774101555523}
{"sessionId":"dddf96","runId":"run-2","hypothesisId":"H1","location":"BoidGameManager2D.cs:143","message":"SpawnBoid primitive collider state","data":{"has3dColliderBeforeDestroy":"True","colliderType":"MeshCollider"},"timestamp":1774101555531}
{"sessionId":"dddf96","runId":"run-2","hypothesisId":"H1","location":"BoidGameManager2D.cs:154","message":"Post-destroy collider check","data":{"has3dColliderAfterDestroyCall":"False"},"timestamp":1774101555540}
{"sessionId":"dddf96","runId":"run-2","hypothesisId":"H1","location":"BoidGameManager2D.cs:165","message":"Added BoxCollider2D","data":{"boxColliderAdded":"True"},"timestamp":1774101555547}
{"sessionId":"dddf96","runId":"run-2","hypothesisId":"H2","location":"BoidGameManager2D.cs:193","message":"BoidAgent2D add result","data":{"boidComponentNull":"False","hasRigidbody2D":"True","hasCollider2D":"True"},"timestamp":1774101555557}
{"sessionId":"dddf96","runId":"run-2","hypothesisId":"H1","location":"BoidGameManager2D.cs:143","message":"SpawnBoid primitive collider state","data":{"has3dColliderBeforeDestroy":"True","colliderType":"MeshCollider"},"timestamp":1774101555565}
{"sessionId":"dddf96","runId":"run-2","hypothesisId":"H1","location":"BoidGameManager2D.cs:154","message":"Post-destroy collider check","data":{"has3dColliderAfterDestroyCall":"False"},"timestamp":1774101555573}
{"sessionId":"dddf96","runId":"run-2","hypothesisId":"H1","location":"BoidGameManager2D.cs:165","message":"Added BoxCollider2D","data":{"boxColliderAdded":"True"},"timestamp":1774101555580}
{"sessionId":"dddf96","runId":"run-2","hypothesisId":"H2","location":"BoidGameManager2D.cs:193","message":"BoidAgent2D add result","data":{"boidComponentNull":"False","hasRigidbody2D":"True","hasCollider2D":"True"},"timestamp":1774101555590}
{"sessionId":"dddf96","runId":"run-2","hypothesisId":"H1","location":"BoidGameManager2D.cs:143","message":"SpawnBoid primitive collider state","data":{"has3dColliderBeforeDestroy":"True","colliderType":"MeshCollider"},"timestamp":1774101555598}
{"sessionId":"dddf96","runId":"run-2","hypothesisId":"H1","location":"BoidGameManager2D.cs:154","message":"Post-destroy collider check","data":{"has3dColliderAfterDestroyCall":"False"},"timestamp":1774101555606}
{"sessionId":"dddf96","runId":"run-2","hypothesisId":"H1","location":"BoidGameManager2D.cs:165","message":"Added BoxCollider2D","data":{"boxColliderAdded":"True"},"timestamp":1774101555614}
{"sessionId":"dddf96","runId":"run-2","hypothesisId":"H2","location":"BoidGameManager2D.cs:193","message":"BoidAgent2D add result","data":{"boidComponentNull":"False","hasRigidbody2D":"True","hasCollider2D":"True"},"timestamp":1774101555624}
{"sessionId":"dddf96","runId":"run-2","hypothesisId":"H1","location":"BoidGameManager2D.cs:143","message":"SpawnBoid primitive collider state","data":{"has3dColliderBeforeDestroy":"True","colliderType":"MeshCollider"},"timestamp":1774101555634}
{"sessionId":"dddf96","runId":"run-2","hypothesisId":"H1","location":"BoidGameManager2D.cs:154","message":"Post-destroy collider check","data":{"has3dColliderAfterDestroyCall":"False"},"timestamp":1774101555642}
{"sessionId":"dddf96","runId":"run-2","hypothesisId":"H1","location":"BoidGameManager2D.cs:165","message":"Added BoxCollider2D","data":{"boxColliderAdded":"True"},"timestamp":1774101555649}
{"sessionId":"dddf96","runId":"run-2","hypothesisId":"H2","location":"BoidGameManager2D.cs:193","message":"BoidAgent2D add result","data":{"boidComponentNull":"False","hasRigidbody2D":"True","hasCollider2D":"True"},"timestamp":1774101555658}
{"sessionId":"dddf96","runId":"run-2","hypothesisId":"H1","location":"BoidGameManager2D.cs:143","message":"SpawnBoid primitive collider state","data":{"has3dColliderBeforeDestroy":"True","colliderType":"MeshCollider"},"timestamp":1774101555666}
{"sessionId":"dddf96","runId":"run-2","hypothesisId":"H1","location":"BoidGameManager2D.cs:154","message":"Post-destroy collider check","data":{"has3dColliderAfterDestroyCall":"False"},"timestamp":1774101555674}
{"sessionId":"dddf96","runId":"run-2","hypothesisId":"H1","location":"BoidGameManager2D.cs:165","message":"Added BoxCollider2D","data":{"boxColliderAdded":"True"},"timestamp":1774101555682}
{"sessionId":"dddf96","runId":"run-2","hypothesisId":"H2","location":"BoidGameManager2D.cs:193","message":"BoidAgent2D add result","data":{"boidComponentNull":"False","hasRigidbody2D":"True","hasCollider2D":"True"},"timestamp":1774101555690}
